Flow report for DE2_115
Mon Aug 19 00:17:34 2024
Quartus Prime Version 23.1std.1 Build 993 05/14/2024 SC Lite Edition


---------------------
; Table of Contents ;
---------------------
  1. Legal Notice
  2. Flow Summary
  3. Flow Settings
  4. Flow Non-Default Global Settings
  5. Flow Elapsed Time
  6. Flow OS Summary
  7. Flow Log
  8. Flow Messages
  9. Flow Suppressed Messages



----------------
; Legal Notice ;
----------------
Copyright (C) 2024  Intel Corporation. All rights reserved.
Your use of Intel Corporation's design tools, logic functions 
and other software and tools, and any partner logic 
functions, and any output files from any of the foregoing 
(including device programming or simulation files), and any 
associated documentation or information are expressly subject 
to the terms and conditions of the Intel Program License 
Subscription Agreement, the Intel Quartus Prime License Agreement,
the Intel FPGA IP License Agreement, or other applicable license
agreement, including, without limitation, that your use is for
the sole purpose of programming logic devices manufactured by
Intel and sold by Intel or its authorized distributors.  Please
refer to the applicable agreement for further details, at
https://fpgasoftware.intel.com/eula.



+-------------------------------------------------------------------------------------+
; Flow Summary                                                                        ;
+------------------------------------+------------------------------------------------+
; Flow Status                        ; Successful - Mon Aug 19 00:17:30 2024          ;
; Quartus Prime Version              ; 23.1std.1 Build 993 05/14/2024 SC Lite Edition ;
; Revision Name                      ; DE2_115                                        ;
; Top-level Entity Name              ; DE2_115                                        ;
; Family                             ; Cyclone IV E                                   ;
; Device                             ; EP4CE115F29C7                                  ;
; Timing Models                      ; Final                                          ;
; Total logic elements               ; 0 / 114,480 ( 0 % )                            ;
;     Total combinational functions  ; 0 / 114,480 ( 0 % )                            ;
;     Dedicated logic registers      ; 0 / 114,480 ( 0 % )                            ;
; Total registers                    ; 0                                              ;
; Total pins                         ; 400 / 529 ( 76 % )                             ;
; Total virtual pins                 ; 0                                              ;
; Total memory bits                  ; 0 / 3,981,312 ( 0 % )                          ;
; Embedded Multiplier 9-bit elements ; 0 / 532 ( 0 % )                                ;
; Total PLLs                         ; 0 / 4 ( 0 % )                                  ;
+------------------------------------+------------------------------------------------+


+-----------------------------------------+
; Flow Settings                           ;
+-------------------+---------------------+
; Option            ; Setting             ;
+-------------------+---------------------+
; Start date & time ; 08/19/2024 00:17:01 ;
; Main task         ; Compilation         ;
; Revision Name     ; DE2_115             ;
+-------------------+---------------------+


+-------------------------------------------------------------------------------------------------------------------------+
; Flow Non-Default Global Settings                                                                                        ;
+-------------------------------------+----------------------------------------+---------------+-------------+------------+
; Assignment Name                     ; Value                                  ; Default Value ; Entity Name ; Section Id ;
+-------------------------------------+----------------------------------------+---------------+-------------+------------+
; COMPILER_SIGNATURE_ID               ; 216401452116156.172403742116504        ; --            ; --          ; --         ;
; PARTITION_COLOR                     ; -- (Not supported for targeted family) ; --            ; --          ; Top        ;
; PARTITION_FITTER_PRESERVATION_LEVEL ; -- (Not supported for targeted family) ; --            ; --          ; Top        ;
; PARTITION_NETLIST_TYPE              ; -- (Not supported for targeted family) ; --            ; --          ; Top        ;
+-------------------------------------+----------------------------------------+---------------+-------------+------------+


+--------------------------------------------------------------------------------------------------------------------------+
; Flow Elapsed Time                                                                                                        ;
+----------------------+--------------+-------------------------+---------------------+------------------------------------+
; Module Name          ; Elapsed Time ; Average Processors Used ; Peak Virtual Memory ; Total CPU Time (on all processors) ;
+----------------------+--------------+-------------------------+---------------------+------------------------------------+
; Analysis & Synthesis ; 00:00:10     ; 1.0                     ; 339 MB              ; 00:00:36                           ;
; Fitter               ; 00:00:13     ; 1.0                     ; 1929 MB             ; 00:00:32                           ;
; Assembler            ; 00:00:04     ; 1.0                     ; 373 MB              ; 00:00:03                           ;
; Timing Analyzer      ; 00:00:02     ; 1.0                     ; 642 MB              ; 00:00:03                           ;
; Total                ; 00:00:29     ; --                      ; --                  ; 00:01:14                           ;
+----------------------+--------------+-------------------------+---------------------+------------------------------------+


+----------------------------------------------------------------------------------+
; Flow OS Summary                                                                  ;
+----------------------+------------------+----------+------------+----------------+
; Module Name          ; Machine Hostname ; OS Name  ; OS Version ; Processor type ;
+----------------------+------------------+----------+------------+----------------+
; Analysis & Synthesis ; Lenovo-Legion    ; Zorin OS ; 17         ; x86_64         ;
; Fitter               ; Lenovo-Legion    ; Zorin OS ; 17         ; x86_64         ;
; Assembler            ; Lenovo-Legion    ; Zorin OS ; 17         ; x86_64         ;
; Timing Analyzer      ; Lenovo-Legion    ; Zorin OS ; 17         ; x86_64         ;
+----------------------+------------------+----------+------------+----------------+


------------
; Flow Log ;
------------
quartus_map --read_settings_files=on --write_settings_files=off DE2_115 -c DE2_115
quartus_fit --read_settings_files=off --write_settings_files=off DE2_115 -c DE2_115
quartus_asm --read_settings_files=off --write_settings_files=off DE2_115 -c DE2_115
quartus_sta DE2_115 -c DE2_115



